<?xml version="1.0" encoding="UTF-8"?>
<!-- Generated by org.testng.reporters.JUnitReportReporter -->
<testsuite hostname="DVTL95B5802" name="Example.NewTest" tests="1" failures="0" timestamp="31 May 2019 09:54:59 GMT" time="22.105" errors="0">
  <testcase name="f" time="22.105" classname="Example.NewTest"/>
</testsuite> <!-- Example.NewTest -->
